<?xml version="1.0" encoding="UTF-8"?>
<!-- Generated by org.testng.reporters.JUnitReportReporter -->
<testsuite hostname="axisrooms-Latitude-3460" name="Test_cases.Dashboard" tests="1" failures="0" timestamp="16 Jan 2019 07:30:39 GMT" time="2.948" errors="0">
  <testcase name="createHotel" time="2.948" classname="Test_cases.Dashboard"/>
</testsuite> <!-- Test_cases.Dashboard -->
