<?xml version="1.0" encoding="UTF-8"?>
<!-- Generated by org.testng.reporters.JUnitReportReporter -->
<testsuite hostname="axisrooms-Latitude-3460" name="Test_cases.DriverSetup" tests="1" failures="0" timestamp="27 Jun 2019 10:41:44 GMT" time="2.375" errors="0">
  <testcase name="login" time="2.375" classname="Test_cases.DriverSetup"/>
</testsuite> <!-- Test_cases.DriverSetup -->
