<?xml version="1.0" encoding="UTF-8"?>
<!-- Generated by org.testng.reporters.JUnitReportReporter -->
<testsuite hostname="axisrooms-Latitude-3460" name="Test_cases.Property" tests="1" failures="0" timestamp="14 Jan 2019 11:18:16 GMT" time="0.001" errors="0">
  <testcase name="dcdf" time="0.001" classname="Test_cases.Property"/>
</testsuite> <!-- Test_cases.Property -->
