<?xml version="1.0" encoding="UTF-8"?>
<!-- Generated by org.testng.reporters.JUnitReportReporter -->
<testsuite hostname="axisrooms-Latitude-3460" name="getRequest.post_put_delete" tests="1" failures="0" timestamp="4 Oct 2019 12:35:07 GMT" time="10.041" errors="0">
  <testcase name="test_02" time="10.041" classname="getRequest.post_put_delete"/>
</testsuite> <!-- getRequest.post_put_delete -->
