<?xml version="1.0" encoding="UTF-8"?>
<!-- Generated by org.testng.reporters.JUnitReportReporter -->
<testsuite hostname="axisrooms-Latitude-3460" name="getRequest.getData" tests="1" failures="0" timestamp="1 Oct 2019 12:11:53 GMT" time="3.675" errors="0">
  <testcase name="test_10" time="3.675" classname="getRequest.getData"/>
</testsuite> <!-- getRequest.getData -->
